{"/root/workspace/bug-tracked/src/store/actionTypes.js": {"path":"/root/workspace/bug-tracked/src/store/actionTypes.js","statementMap":{"0":{"start":{"line":1,"column":25},"end":{"line":1,"column":33}},"1":{"start":{"line":2,"column":27},"end":{"line":2,"column":38}},"2":{"start":{"line":3,"column":28},"end":{"line":3,"column":41}},"3":{"start":{"line":4,"column":30},"end":{"line":4,"column":44}}},"fnMap":{},"branchMap":{},"s":{"0":1,"1":1,"2":1,"3":1},"f":{},"b":{},"_coverageSchema":"1a1c01bbd47fc00a2c39e90264f33305004495a9","hash":"ab54ebaafea596aefd6fd3b99d32ceae2e495524"}
,"/root/workspace/bug-tracked/src/store/apiAction.js": {"path":"/root/workspace/bug-tracked/src/store/apiAction.js","statementMap":{"0":{"start":{"line":3,"column":28},"end":{"line":3,"column":57}},"1":{"start":{"line":4,"column":30},"end":{"line":4,"column":61}},"2":{"start":{"line":5,"column":29},"end":{"line":5,"column":59}},"3":{"start":{"line":6,"column":30},"end":{"line":6,"column":62}},"4":{"start":{"line":8,"column":24},"end":{"line":25,"column":1}},"5":{"start":{"line":8,"column":30},"end":{"line":25,"column":1}},"6":{"start":{"line":9,"column":24},"end":{"line":9,"column":39}},"7":{"start":{"line":11,"column":24},"end":{"line":11,"column":75}},"8":{"start":{"line":12,"column":2},"end":{"line":15,"column":3}},"9":{"start":{"line":13,"column":4},"end":{"line":13,"column":68}},"10":{"start":{"line":14,"column":4},"end":{"line":14,"column":11}},"11":{"start":{"line":16,"column":2},"end":{"line":24,"column":4}}},"fnMap":{"0":{"name":"(anonymous_0)","decl":{"start":{"line":8,"column":24},"end":{"line":8,"column":25}},"loc":{"start":{"line":8,"column":30},"end":{"line":25,"column":1}},"line":8},"1":{"name":"(anonymous_1)","decl":{"start":{"line":8,"column":30},"end":{"line":8,"column":31}},"loc":{"start":{"line":8,"column":54},"end":{"line":25,"column":1}},"line":8}},"branchMap":{"0":{"loc":{"start":{"line":12,"column":2},"end":{"line":15,"column":3}},"type":"if","locations":[{"start":{"line":12,"column":2},"end":{"line":15,"column":3}},{"start":{},"end":{}}],"line":12}},"s":{"0":1,"1":1,"2":1,"3":1,"4":1,"5":0,"6":0,"7":0,"8":0,"9":0,"10":0,"11":0},"f":{"0":0,"1":0},"b":{"0":[0,0]},"_coverageSchema":"1a1c01bbd47fc00a2c39e90264f33305004495a9","hash":"9bcd1a6cb10529851acc61e85ee90eec1aeb2f46"}
,"/root/workspace/bug-tracked/src/store/reducer.js": {"path":"/root/workspace/bug-tracked/src/store/reducer.js","statementMap":{"0":{"start":{"line":5,"column":13},"end":{"line":5,"column":14}},"1":{"start":{"line":7,"column":17},"end":{"line":58,"column":2}},"2":{"start":{"line":26,"column":6},"end":{"line":28,"column":7}},"3":{"start":{"line":27,"column":8},"end":{"line":27,"column":20}},"4":{"start":{"line":29,"column":6},"end":{"line":33,"column":9}},"5":{"start":{"line":36,"column":6},"end":{"line":36,"column":74}},"6":{"start":{"line":36,"column":44},"end":{"line":36,"column":72}},"7":{"start":{"line":39,"column":6},"end":{"line":41,"column":8}},"8":{"start":{"line":40,"column":8},"end":{"line":40,"column":71}},"9":{"start":{"line":44,"column":6},"end":{"line":44,"column":41}},"10":{"start":{"line":45,"column":6},"end":{"line":47,"column":9}},"11":{"start":{"line":46,"column":8},"end":{"line":46,"column":28}},"12":{"start":{"line":48,"column":6},"end":{"line":48,"column":29}},"13":{"start":{"line":49,"column":6},"end":{"line":49,"column":34}},"14":{"start":{"line":52,"column":6},"end":{"line":52,"column":28}},"15":{"start":{"line":55,"column":6},"end":{"line":55,"column":29}},"16":{"start":{"line":62,"column":16},"end":{"line":65,"column":2}},"17":{"start":{"line":76,"column":4},"end":{"line":76,"column":20}},"18":{"start":{"line":78,"column":26},"end":{"line":82,"column":3}},"19":{"start":{"line":79,"column":2},"end":{"line":82,"column":3}},"20":{"start":{"line":80,"column":15},"end":{"line":80,"column":25}},"21":{"start":{"line":81,"column":14},"end":{"line":81,"column":24}}},"fnMap":{"0":{"name":"(anonymous_0)","decl":{"start":{"line":25,"column":14},"end":{"line":25,"column":15}},"loc":{"start":{"line":25,"column":32},"end":{"line":34,"column":5}},"line":25},"1":{"name":"(anonymous_1)","decl":{"start":{"line":35,"column":16},"end":{"line":35,"column":17}},"loc":{"start":{"line":35,"column":34},"end":{"line":37,"column":5}},"line":35},"2":{"name":"(anonymous_2)","decl":{"start":{"line":36,"column":35},"end":{"line":36,"column":36}},"loc":{"start":{"line":36,"column":44},"end":{"line":36,"column":72}},"line":36},"3":{"name":"(anonymous_3)","decl":{"start":{"line":38,"column":17},"end":{"line":38,"column":18}},"loc":{"start":{"line":38,"column":35},"end":{"line":42,"column":5}},"line":38},"4":{"name":"(anonymous_4)","decl":{"start":{"line":39,"column":32},"end":{"line":39,"column":33}},"loc":{"start":{"line":40,"column":8},"end":{"line":40,"column":71}},"line":40},"5":{"name":"(anonymous_5)","decl":{"start":{"line":43,"column":17},"end":{"line":43,"column":18}},"loc":{"start":{"line":43,"column":35},"end":{"line":50,"column":5}},"line":43},"6":{"name":"(anonymous_6)","decl":{"start":{"line":45,"column":29},"end":{"line":45,"column":30}},"loc":{"start":{"line":45,"column":38},"end":{"line":47,"column":7}},"line":45},"7":{"name":"(anonymous_7)","decl":{"start":{"line":51,"column":18},"end":{"line":51,"column":19}},"loc":{"start":{"line":51,"column":36},"end":{"line":53,"column":5}},"line":51},"8":{"name":"(anonymous_8)","decl":{"start":{"line":54,"column":22},"end":{"line":54,"column":23}},"loc":{"start":{"line":54,"column":40},"end":{"line":56,"column":5}},"line":54},"9":{"name":"(anonymous_9)","decl":{"start":{"line":78,"column":26},"end":{"line":78,"column":27}},"loc":{"start":{"line":79,"column":2},"end":{"line":82,"column":3}},"line":79},"10":{"name":"(anonymous_10)","decl":{"start":{"line":80,"column":4},"end":{"line":80,"column":5}},"loc":{"start":{"line":80,"column":15},"end":{"line":80,"column":25}},"line":80},"11":{"name":"(anonymous_11)","decl":{"start":{"line":81,"column":4},"end":{"line":81,"column":5}},"loc":{"start":{"line":81,"column":14},"end":{"line":81,"column":24}},"line":81}},"branchMap":{"0":{"loc":{"start":{"line":26,"column":6},"end":{"line":28,"column":7}},"type":"if","locations":[{"start":{"line":26,"column":6},"end":{"line":28,"column":7}},{"start":{},"end":{}}],"line":26},"1":{"loc":{"start":{"line":40,"column":8},"end":{"line":40,"column":71}},"type":"cond-expr","locations":[{"start":{"line":40,"column":39},"end":{"line":40,"column":65}},{"start":{"line":40,"column":68},"end":{"line":40,"column":71}}],"line":40}},"s":{"0":1,"1":1,"2":2,"3":1,"4":1,"5":0,"6":0,"7":0,"8":0,"9":0,"10":0,"11":0,"12":0,"13":0,"14":0,"15":0,"16":1,"17":1,"18":1,"19":0,"20":0,"21":0},"f":{"0":2,"1":0,"2":0,"3":0,"4":0,"5":0,"6":0,"7":0,"8":0,"9":0,"10":0,"11":0},"b":{"0":[1,1],"1":[0,0]},"_coverageSchema":"1a1c01bbd47fc00a2c39e90264f33305004495a9","hash":"c3cf68a15c092458d7c5e5ab2edd81d369a7962d"}
,"/root/workspace/bug-tracked/src/store/store.js": {"path":"/root/workspace/bug-tracked/src/store/store.js","statementMap":{"0":{"start":{"line":9,"column":14},"end":{"line":16,"column":2}},"1":{"start":{"line":12,"column":4},"end":{"line":15,"column":5}}},"fnMap":{"0":{"name":"(anonymous_0)","decl":{"start":{"line":11,"column":14},"end":{"line":11,"column":15}},"loc":{"start":{"line":12,"column":4},"end":{"line":15,"column":5}},"line":12}},"branchMap":{},"s":{"0":1,"1":1},"f":{"0":1},"b":{},"_coverageSchema":"1a1c01bbd47fc00a2c39e90264f33305004495a9","hash":"251bd1ffac88a537c0534be13c7e850b3993c7d3"}
,"/root/workspace/bug-tracked/src/store/middleware/api.js": {"path":"/root/workspace/bug-tracked/src/store/middleware/api.js","statementMap":{"0":{"start":{"line":4,"column":12},"end":{"line":36,"column":1}},"1":{"start":{"line":4,"column":23},"end":{"line":36,"column":1}},"2":{"start":{"line":4,"column":33},"end":{"line":36,"column":1}},"3":{"start":{"line":6,"column":2},"end":{"line":6,"column":72}},"4":{"start":{"line":6,"column":52},"end":{"line":6,"column":72}},"5":{"start":{"line":7,"column":61},"end":{"line":7,"column":75}},"6":{"start":{"line":8,"column":2},"end":{"line":8,"column":49}},"7":{"start":{"line":8,"column":15},"end":{"line":8,"column":49}},"8":{"start":{"line":9,"column":2},"end":{"line":9,"column":15}},"9":{"start":{"line":10,"column":2},"end":{"line":35,"column":3}},"10":{"start":{"line":11,"column":4},"end":{"line":11,"column":67}},"11":{"start":{"line":12,"column":21},"end":{"line":17,"column":6}},"12":{"start":{"line":18,"column":4},"end":{"line":18,"column":54}},"13":{"start":{"line":20,"column":4},"end":{"line":20,"column":79}},"14":{"start":{"line":20,"column":19},"end":{"line":20,"column":79}},"15":{"start":{"line":21,"column":4},"end":{"line":24,"column":7}},"16":{"start":{"line":26,"column":4},"end":{"line":26,"column":50}},"17":{"start":{"line":28,"column":4},"end":{"line":31,"column":7}},"18":{"start":{"line":34,"column":4},"end":{"line":34,"column":75}},"19":{"start":{"line":34,"column":17},"end":{"line":34,"column":75}}},"fnMap":{"0":{"name":"(anonymous_0)","decl":{"start":{"line":4,"column":12},"end":{"line":4,"column":13}},"loc":{"start":{"line":4,"column":23},"end":{"line":36,"column":1}},"line":4},"1":{"name":"(anonymous_1)","decl":{"start":{"line":4,"column":23},"end":{"line":4,"column":24}},"loc":{"start":{"line":4,"column":33},"end":{"line":36,"column":1}},"line":4},"2":{"name":"(anonymous_2)","decl":{"start":{"line":4,"column":33},"end":{"line":4,"column":34}},"loc":{"start":{"line":4,"column":51},"end":{"line":36,"column":1}},"line":4}},"branchMap":{"0":{"loc":{"start":{"line":6,"column":2},"end":{"line":6,"column":72}},"type":"if","locations":[{"start":{"line":6,"column":2},"end":{"line":6,"column":72}},{"start":{},"end":{}}],"line":6},"1":{"loc":{"start":{"line":8,"column":2},"end":{"line":8,"column":49}},"type":"if","locations":[{"start":{"line":8,"column":2},"end":{"line":8,"column":49}},{"start":{},"end":{}}],"line":8},"2":{"loc":{"start":{"line":20,"column":4},"end":{"line":20,"column":79}},"type":"if","locations":[{"start":{"line":20,"column":4},"end":{"line":20,"column":79}},{"start":{},"end":{}}],"line":20},"3":{"loc":{"start":{"line":34,"column":4},"end":{"line":34,"column":75}},"type":"if","locations":[{"start":{"line":34,"column":4},"end":{"line":34,"column":75}},{"start":{},"end":{}}],"line":34}},"s":{"0":1,"1":1,"2":1,"3":2,"4":2,"5":0,"6":0,"7":0,"8":0,"9":0,"10":0,"11":0,"12":0,"13":0,"14":0,"15":0,"16":0,"17":0,"18":0,"19":0},"f":{"0":1,"1":1,"2":2},"b":{"0":[2,0],"1":[0,0],"2":[0,0],"3":[0,0]},"_coverageSchema":"1a1c01bbd47fc00a2c39e90264f33305004495a9","hash":"a52fc21ed402b9e5f8d2f1580e6f3b754ebcf73e"}
,"/root/workspace/bug-tracked/src/store/middleware/logger.js": {"path":"/root/workspace/bug-tracked/src/store/middleware/logger.js","statementMap":{"0":{"start":{"line":1,"column":15},"end":{"line":7,"column":1}},"1":{"start":{"line":1,"column":27},"end":{"line":7,"column":1}},"2":{"start":{"line":1,"column":38},"end":{"line":7,"column":1}},"3":{"start":{"line":1,"column":48},"end":{"line":7,"column":1}},"4":{"start":{"line":2,"column":2},"end":{"line":2,"column":55}},"5":{"start":{"line":3,"column":15},"end":{"line":3,"column":27}},"6":{"start":{"line":4,"column":2},"end":{"line":4,"column":39}},"7":{"start":{"line":5,"column":2},"end":{"line":5,"column":50}},"8":{"start":{"line":6,"column":2},"end":{"line":6,"column":16}}},"fnMap":{"0":{"name":"(anonymous_0)","decl":{"start":{"line":1,"column":15},"end":{"line":1,"column":16}},"loc":{"start":{"line":1,"column":27},"end":{"line":7,"column":1}},"line":1},"1":{"name":"(anonymous_1)","decl":{"start":{"line":1,"column":27},"end":{"line":1,"column":28}},"loc":{"start":{"line":1,"column":38},"end":{"line":7,"column":1}},"line":1},"2":{"name":"(anonymous_2)","decl":{"start":{"line":1,"column":38},"end":{"line":1,"column":39}},"loc":{"start":{"line":1,"column":48},"end":{"line":7,"column":1}},"line":1},"3":{"name":"(anonymous_3)","decl":{"start":{"line":1,"column":48},"end":{"line":1,"column":49}},"loc":{"start":{"line":1,"column":66},"end":{"line":7,"column":1}},"line":1}},"branchMap":{},"s":{"0":1,"1":0,"2":0,"3":0,"4":0,"5":0,"6":0,"7":0,"8":0},"f":{"0":0,"1":0,"2":0,"3":0},"b":{},"_coverageSchema":"1a1c01bbd47fc00a2c39e90264f33305004495a9","hash":"b0fb21acb604609d0371f31db0da435298ee3116"}
,"/root/workspace/bug-tracked/src/store/middleware/preFuncActions.js": {"path":"/root/workspace/bug-tracked/src/store/middleware/preFuncActions.js","statementMap":{"0":{"start":{"line":1,"column":23},"end":{"line":9,"column":1}},"1":{"start":{"line":1,"column":34},"end":{"line":9,"column":1}},"2":{"start":{"line":1,"column":44},"end":{"line":9,"column":1}},"3":{"start":{"line":2,"column":2},"end":{"line":2,"column":47}},"4":{"start":{"line":3,"column":2},"end":{"line":8,"column":3}},"5":{"start":{"line":4,"column":4},"end":{"line":4,"column":13}},"6":{"start":{"line":6,"column":4},"end":{"line":6,"column":55}},"7":{"start":{"line":7,"column":4},"end":{"line":7,"column":17}}},"fnMap":{"0":{"name":"(anonymous_0)","decl":{"start":{"line":1,"column":23},"end":{"line":1,"column":24}},"loc":{"start":{"line":1,"column":34},"end":{"line":9,"column":1}},"line":1},"1":{"name":"(anonymous_1)","decl":{"start":{"line":1,"column":34},"end":{"line":1,"column":35}},"loc":{"start":{"line":1,"column":44},"end":{"line":9,"column":1}},"line":1},"2":{"name":"(anonymous_2)","decl":{"start":{"line":1,"column":44},"end":{"line":1,"column":45}},"loc":{"start":{"line":1,"column":56},"end":{"line":9,"column":1}},"line":1}},"branchMap":{"0":{"loc":{"start":{"line":3,"column":2},"end":{"line":8,"column":3}},"type":"if","locations":[{"start":{"line":3,"column":2},"end":{"line":8,"column":3}},{"start":{"line":5,"column":9},"end":{"line":8,"column":3}}],"line":3}},"s":{"0":1,"1":0,"2":0,"3":0,"4":0,"5":0,"6":0,"7":0},"f":{"0":0,"1":0,"2":0},"b":{"0":[0,0]},"_coverageSchema":"1a1c01bbd47fc00a2c39e90264f33305004495a9","hash":"c026d01f7ecc9a34a942ff1de05556078c5cd340"}
}
